[ 2017-03-30T00:28:31+08:00 ] 117.100.45.33 /course/comment
INFO: [ app_begin ] --START--
INFO: Run Behavior\ReadHtmlCacheBehavior [ RunTime:0.000353s ]
INFO: [ app_begin ] --END-- [ RunTime:0.000581s ]
SQL: SHOW COLUMNS FROM `course` [ RunTime:0.0005s ]
SQL: SELECT `comment` FROM `course` WHERE `id` = 3 LIMIT 1   [ RunTime:0.0002s ]
NOTIC: [2] Division by zero /var/www/zlApp/App/Home/Controller/CourseController.class.php 第 84 行.
NOTIC: [2] Division by zero /var/www/zlApp/App/Home/Controller/CourseController.class.php 第 84 行.
NOTIC: [2] Division by zero /var/www/zlApp/App/Home/Controller/CourseController.class.php 第 84 行.
NOTIC: [2] Division by zero /var/www/zlApp/App/Home/Controller/CourseController.class.php 第 84 行.
NOTIC: [2] Division by zero /var/www/zlApp/App/Home/Controller/CourseController.class.php 第 84 行.
INFO: [ view_parse ] --START--
INFO: [ template_filter ] --START--
INFO: Run Behavior\ContentReplaceBehavior [ RunTime:0.000038s ]
INFO: [ template_filter ] --END-- [ RunTime:0.000075s ]
NOTIC: [8] Undefined index: title /var/www/zlApp/App/Runtime/Cache/Home/ae9d5e9256f39eb72682f4d9a93a5680.php 第 5 行.
INFO: Run Behavior\ParseTemplateBehavior [ RunTime:0.003517s ]
INFO: [ view_parse ] --END-- [ RunTime:0.003542s ]
INFO: [ view_filter ] --START--
INFO: Run Behavior\WriteHtmlCacheBehavior [ RunTime:0.000099s ]
INFO: [ view_filter ] --END-- [ RunTime:0.000124s ]
INFO: [ app_end ] --START--
INFO: Run Behavior\ShowPageTraceBehavior [ RunTime:0.000353s ]
INFO: [ app_end ] --END-- [ RunTime:0.000389s ]

[ 2017-03-30T00:28:53+08:00 ] 117.100.45.33 /course/comment
INFO: [ app_begin ] --START--
INFO: Run Behavior\ReadHtmlCacheBehavior [ RunTime:0.000350s ]
INFO: [ app_begin ] --END-- [ RunTime:0.000644s ]
SQL: SHOW COLUMNS FROM `course` [ RunTime:0.0005s ]
SQL: SELECT `comment` FROM `course` WHERE `id` = 3 LIMIT 1   [ RunTime:0.0002s ]
NOTIC: [2] Division by zero /var/www/zlApp/App/Home/Controller/CourseController.class.php 第 84 行.
NOTIC: [2] Division by zero /var/www/zlApp/App/Home/Controller/CourseController.class.php 第 84 行.
NOTIC: [2] Division by zero /var/www/zlApp/App/Home/Controller/CourseController.class.php 第 84 行.
NOTIC: [2] Division by zero /var/www/zlApp/App/Home/Controller/CourseController.class.php 第 84 行.
NOTIC: [2] Division by zero /var/www/zlApp/App/Home/Controller/CourseController.class.php 第 84 行.
INFO: [ view_parse ] --START--
INFO: [ template_filter ] --START--
INFO: Run Behavior\ContentReplaceBehavior [ RunTime:0.000055s ]
INFO: [ template_filter ] --END-- [ RunTime:0.000097s ]
NOTIC: [8] Undefined index: title /var/www/zlApp/App/Runtime/Cache/Home/ae9d5e9256f39eb72682f4d9a93a5680.php 第 5 行.
INFO: Run Behavior\ParseTemplateBehavior [ RunTime:0.003492s ]
INFO: [ view_parse ] --END-- [ RunTime:0.003525s ]
INFO: [ view_filter ] --START--
INFO: Run Behavior\WriteHtmlCacheBehavior [ RunTime:0.000096s ]
INFO: [ view_filter ] --END-- [ RunTime:0.000120s ]
INFO: [ app_end ] --START--
INFO: Run Behavior\ShowPageTraceBehavior [ RunTime:0.000303s ]
INFO: [ app_end ] --END-- [ RunTime:0.000330s ]

[ 2017-03-30T00:29:08+08:00 ] 101.226.103.70 /subscribe/back
ERR: Login Please

[ 2017-03-30T00:29:21+08:00 ] 180.153.206.16 /subscribe/success?cid=1
ERR: Login Please

[ 2017-03-30T00:29:23+08:00 ] 140.207.54.76 /subscribe/back
ERR: Login Please

[ 2017-03-30T00:29:39+08:00 ] 140.207.54.76 /subscribe/back
ERR: Login Please

[ 2017-03-30T00:30:11+08:00 ] 140.207.54.75 /subscribe/back
ERR: Login Please

[ 2017-03-30T00:33:14+08:00 ] 58.251.80.52 /subscribe/back
ERR: Login Please

[ 2017-03-30T00:35:35+08:00 ] 101.226.33.221 /subscribe/success?cid%253D3
ERR: Login Please

[ 2017-03-30T00:45:17+08:00 ] 61.143.23.7 /subscribe/success?cid=1
ERR: Login Please

[ 2017-03-30T00:54:16+08:00 ] 119.7.84.190 /subscribe/success?cid=1
ERR: Login Please

[ 2017-03-30T00:54:57+08:00 ] 117.100.45.33 /Subscribe/subscribed.html
ERR: Login Please

[ 2017-03-30T01:02:44+08:00 ] 117.100.45.33 /course/comment
INFO: [ app_begin ] --START--
INFO: Run Behavior\ReadHtmlCacheBehavior [ RunTime:0.000316s ]
INFO: [ app_begin ] --END-- [ RunTime:0.000581s ]
SQL: SHOW COLUMNS FROM `course` [ RunTime:0.0005s ]
SQL: SELECT `comment` FROM `course` WHERE `id` = 3 LIMIT 1   [ RunTime:0.0002s ]
NOTIC: [2] Division by zero /var/www/zlApp/App/Home/Controller/CourseController.class.php 第 84 行.
NOTIC: [2] Division by zero /var/www/zlApp/App/Home/Controller/CourseController.class.php 第 84 行.
NOTIC: [2] Division by zero /var/www/zlApp/App/Home/Controller/CourseController.class.php 第 84 行.
NOTIC: [2] Division by zero /var/www/zlApp/App/Home/Controller/CourseController.class.php 第 84 行.
NOTIC: [2] Division by zero /var/www/zlApp/App/Home/Controller/CourseController.class.php 第 84 行.
INFO: [ view_parse ] --START--
INFO: [ template_filter ] --START--
INFO: Run Behavior\ContentReplaceBehavior [ RunTime:0.000041s ]
INFO: [ template_filter ] --END-- [ RunTime:0.000071s ]
NOTIC: [8] Undefined index: title /var/www/zlApp/App/Runtime/Cache/Home/ae9d5e9256f39eb72682f4d9a93a5680.php 第 5 行.
INFO: Run Behavior\ParseTemplateBehavior [ RunTime:0.003880s ]
INFO: [ view_parse ] --END-- [ RunTime:0.003907s ]
INFO: [ view_filter ] --START--
INFO: Run Behavior\WriteHtmlCacheBehavior [ RunTime:0.000093s ]
INFO: [ view_filter ] --END-- [ RunTime:0.000118s ]
INFO: [ app_end ] --START--
INFO: Run Behavior\ShowPageTraceBehavior [ RunTime:0.000310s ]
INFO: [ app_end ] --END-- [ RunTime:0.000350s ]

[ 2017-03-30T01:02:54+08:00 ] 101.226.69.246 /course/index
ERR: Login Please

[ 2017-03-30T01:03:15+08:00 ] 183.3.234.55 /subscribe/back
ERR: Login Please

[ 2017-03-30T01:03:47+08:00 ] 117.100.45.33 /course/comment
INFO: [ app_begin ] --START--
INFO: Run Behavior\ReadHtmlCacheBehavior [ RunTime:0.000279s ]
INFO: [ app_begin ] --END-- [ RunTime:0.000482s ]
SQL: SHOW COLUMNS FROM `course` [ RunTime:0.0005s ]
SQL: SELECT `comment` FROM `course` WHERE `id` = 3 LIMIT 1   [ RunTime:0.0002s ]
NOTIC: [2] Division by zero /var/www/zlApp/App/Home/Controller/CourseController.class.php 第 84 行.
NOTIC: [2] Division by zero /var/www/zlApp/App/Home/Controller/CourseController.class.php 第 84 行.
NOTIC: [2] Division by zero /var/www/zlApp/App/Home/Controller/CourseController.class.php 第 84 行.
NOTIC: [2] Division by zero /var/www/zlApp/App/Home/Controller/CourseController.class.php 第 84 行.
NOTIC: [2] Division by zero /var/www/zlApp/App/Home/Controller/CourseController.class.php 第 84 行.
INFO: [ view_parse ] --START--
INFO: [ template_filter ] --START--
INFO: Run Behavior\ContentReplaceBehavior [ RunTime:0.000043s ]
INFO: [ template_filter ] --END-- [ RunTime:0.000073s ]
NOTIC: [8] Undefined index: title /var/www/zlApp/App/Runtime/Cache/Home/ae9d5e9256f39eb72682f4d9a93a5680.php 第 5 行.
INFO: Run Behavior\ParseTemplateBehavior [ RunTime:0.003453s ]
INFO: [ view_parse ] --END-- [ RunTime:0.003498s ]
INFO: [ view_filter ] --START--
INFO: Run Behavior\WriteHtmlCacheBehavior [ RunTime:0.000101s ]
INFO: [ view_filter ] --END-- [ RunTime:0.000126s ]
INFO: [ app_end ] --START--
INFO: Run Behavior\ShowPageTraceBehavior [ RunTime:0.000296s ]
INFO: [ app_end ] --END-- [ RunTime:0.000331s ]

[ 2017-03-30T01:04:01+08:00 ] 117.100.45.33 /course/comment
INFO: [ app_begin ] --START--
INFO: Run Behavior\ReadHtmlCacheBehavior [ RunTime:0.000309s ]
INFO: [ app_begin ] --END-- [ RunTime:0.000526s ]
SQL: SHOW COLUMNS FROM `course` [ RunTime:0.0007s ]
SQL: SELECT `comment` FROM `course` WHERE `id` = 3 LIMIT 1   [ RunTime:0.0002s ]
NOTIC: [2] Division by zero /var/www/zlApp/App/Home/Controller/CourseController.class.php 第 84 行.
NOTIC: [2] Division by zero /var/www/zlApp/App/Home/Controller/CourseController.class.php 第 84 行.
NOTIC: [2] Division by zero /var/www/zlApp/App/Home/Controller/CourseController.class.php 第 84 行.
NOTIC: [2] Division by zero /var/www/zlApp/App/Home/Controller/CourseController.class.php 第 84 行.
NOTIC: [2] Division by zero /var/www/zlApp/App/Home/Controller/CourseController.class.php 第 84 行.
INFO: [ view_parse ] --START--
INFO: [ template_filter ] --START--
INFO: Run Behavior\ContentReplaceBehavior [ RunTime:0.000060s ]
INFO: [ template_filter ] --END-- [ RunTime:0.000110s ]
NOTIC: [8] Undefined index: title /var/www/zlApp/App/Runtime/Cache/Home/ae9d5e9256f39eb72682f4d9a93a5680.php 第 5 行.
INFO: Run Behavior\ParseTemplateBehavior [ RunTime:0.004556s ]
INFO: [ view_parse ] --END-- [ RunTime:0.004599s ]
INFO: [ view_filter ] --START--
INFO: Run Behavior\WriteHtmlCacheBehavior [ RunTime:0.000117s ]
INFO: [ view_filter ] --END-- [ RunTime:0.000142s ]
INFO: [ app_end ] --START--
INFO: Run Behavior\ShowPageTraceBehavior [ RunTime:0.000335s ]
INFO: [ app_end ] --END-- [ RunTime:0.000366s ]

[ 2017-03-30T01:04:10+08:00 ] 117.100.45.33 /course/comment
INFO: [ app_begin ] --START--
INFO: Run Behavior\ReadHtmlCacheBehavior [ RunTime:0.000298s ]
INFO: [ app_begin ] --END-- [ RunTime:0.000500s ]
SQL: SHOW COLUMNS FROM `course` [ RunTime:0.0005s ]
SQL: SELECT `comment` FROM `course` WHERE `id` = 3 LIMIT 1   [ RunTime:0.0002s ]
NOTIC: [2] Division by zero /var/www/zlApp/App/Home/Controller/CourseController.class.php 第 84 行.
NOTIC: [2] Division by zero /var/www/zlApp/App/Home/Controller/CourseController.class.php 第 84 行.
NOTIC: [2] Division by zero /var/www/zlApp/App/Home/Controller/CourseController.class.php 第 84 行.
NOTIC: [2] Division by zero /var/www/zlApp/App/Home/Controller/CourseController.class.php 第 84 行.
NOTIC: [2] Division by zero /var/www/zlApp/App/Home/Controller/CourseController.class.php 第 84 行.
INFO: [ view_parse ] --START--
INFO: [ template_filter ] --START--
INFO: Run Behavior\ContentReplaceBehavior [ RunTime:0.000040s ]
INFO: [ template_filter ] --END-- [ RunTime:0.000072s ]
NOTIC: [8] Undefined index: title /var/www/zlApp/App/Runtime/Cache/Home/ae9d5e9256f39eb72682f4d9a93a5680.php 第 5 行.
INFO: Run Behavior\ParseTemplateBehavior [ RunTime:0.003540s ]
INFO: [ view_parse ] --END-- [ RunTime:0.003568s ]
INFO: [ view_filter ] --START--
INFO: Run Behavior\WriteHtmlCacheBehavior [ RunTime:0.000097s ]
INFO: [ view_filter ] --END-- [ RunTime:0.000121s ]
INFO: [ app_end ] --START--
INFO: Run Behavior\ShowPageTraceBehavior [ RunTime:0.000308s ]
INFO: [ app_end ] --END-- [ RunTime:0.000338s ]

[ 2017-03-30T01:04:25+08:00 ] 117.100.45.33 /course/comment
INFO: [ app_begin ] --START--
INFO: Run Behavior\ReadHtmlCacheBehavior [ RunTime:0.000284s ]
INFO: [ app_begin ] --END-- [ RunTime:0.000490s ]
SQL: SHOW COLUMNS FROM `course` [ RunTime:0.0006s ]
SQL: SELECT `comment` FROM `course` WHERE `id` = 3 LIMIT 1   [ RunTime:0.0002s ]
NOTIC: [2] Division by zero /var/www/zlApp/App/Home/Controller/CourseController.class.php 第 84 行.
NOTIC: [2] Division by zero /var/www/zlApp/App/Home/Controller/CourseController.class.php 第 84 行.
NOTIC: [2] Division by zero /var/www/zlApp/App/Home/Controller/CourseController.class.php 第 84 行.
NOTIC: [2] Division by zero /var/www/zlApp/App/Home/Controller/CourseController.class.php 第 84 行.
NOTIC: [2] Division by zero /var/www/zlApp/App/Home/Controller/CourseController.class.php 第 84 行.
INFO: [ view_parse ] --START--
INFO: [ template_filter ] --START--
INFO: Run Behavior\ContentReplaceBehavior [ RunTime:0.000060s ]
INFO: [ template_filter ] --END-- [ RunTime:0.000108s ]
NOTIC: [8] Undefined index: title /var/www/zlApp/App/Runtime/Cache/Home/ae9d5e9256f39eb72682f4d9a93a5680.php 第 5 行.
INFO: Run Behavior\ParseTemplateBehavior [ RunTime:0.003986s ]
INFO: [ view_parse ] --END-- [ RunTime:0.004019s ]
INFO: [ view_filter ] --START--
INFO: Run Behavior\WriteHtmlCacheBehavior [ RunTime:0.000094s ]
INFO: [ view_filter ] --END-- [ RunTime:0.000118s ]
INFO: [ app_end ] --START--
INFO: Run Behavior\ShowPageTraceBehavior [ RunTime:0.000369s ]
INFO: [ app_end ] --END-- [ RunTime:0.000404s ]

[ 2017-03-30T01:04:31+08:00 ] 117.100.45.33 /course/comment
INFO: [ app_begin ] --START--
INFO: Run Behavior\ReadHtmlCacheBehavior [ RunTime:0.000367s ]
INFO: [ app_begin ] --END-- [ RunTime:0.000603s ]
SQL: SHOW COLUMNS FROM `course` [ RunTime:0.0006s ]
SQL: SELECT `comment` FROM `course` WHERE `id` = 3 LIMIT 1   [ RunTime:0.0002s ]
NOTIC: [2] Division by zero /var/www/zlApp/App/Home/Controller/CourseController.class.php 第 84 行.
NOTIC: [2] Division by zero /var/www/zlApp/App/Home/Controller/CourseController.class.php 第 84 行.
NOTIC: [2] Division by zero /var/www/zlApp/App/Home/Controller/CourseController.class.php 第 84 行.
NOTIC: [2] Division by zero /var/www/zlApp/App/Home/Controller/CourseController.class.php 第 84 行.
NOTIC: [2] Division by zero /var/www/zlApp/App/Home/Controller/CourseController.class.php 第 84 行.
INFO: [ view_parse ] --START--
INFO: [ template_filter ] --START--
INFO: Run Behavior\ContentReplaceBehavior [ RunTime:0.000041s ]
INFO: [ template_filter ] --END-- [ RunTime:0.000073s ]
NOTIC: [8] Undefined index: title /var/www/zlApp/App/Runtime/Cache/Home/ae9d5e9256f39eb72682f4d9a93a5680.php 第 5 行.
INFO: Run Behavior\ParseTemplateBehavior [ RunTime:0.003834s ]
INFO: [ view_parse ] --END-- [ RunTime:0.003867s ]
INFO: [ view_filter ] --START--
INFO: Run Behavior\WriteHtmlCacheBehavior [ RunTime:0.000124s ]
INFO: [ view_filter ] --END-- [ RunTime:0.000149s ]
INFO: [ app_end ] --START--
INFO: Run Behavior\ShowPageTraceBehavior [ RunTime:0.000337s ]
INFO: [ app_end ] --END-- [ RunTime:0.000370s ]

[ 2017-03-30T01:04:32+08:00 ] 117.100.45.33 /course/comment
INFO: [ app_begin ] --START--
INFO: Run Behavior\ReadHtmlCacheBehavior [ RunTime:0.000454s ]
INFO: [ app_begin ] --END-- [ RunTime:0.000771s ]
SQL: SHOW COLUMNS FROM `course` [ RunTime:0.0005s ]
SQL: SELECT `comment` FROM `course` WHERE `id` = 3 LIMIT 1   [ RunTime:0.0002s ]
NOTIC: [2] Division by zero /var/www/zlApp/App/Home/Controller/CourseController.class.php 第 84 行.
NOTIC: [2] Division by zero /var/www/zlApp/App/Home/Controller/CourseController.class.php 第 84 行.
NOTIC: [2] Division by zero /var/www/zlApp/App/Home/Controller/CourseController.class.php 第 84 行.
NOTIC: [2] Division by zero /var/www/zlApp/App/Home/Controller/CourseController.class.php 第 84 行.
NOTIC: [2] Division by zero /var/www/zlApp/App/Home/Controller/CourseController.class.php 第 84 行.
INFO: [ view_parse ] --START--
INFO: [ template_filter ] --START--
INFO: Run Behavior\ContentReplaceBehavior [ RunTime:0.000041s ]
INFO: [ template_filter ] --END-- [ RunTime:0.000076s ]
NOTIC: [8] Undefined index: title /var/www/zlApp/App/Runtime/Cache/Home/ae9d5e9256f39eb72682f4d9a93a5680.php 第 5 行.
INFO: Run Behavior\ParseTemplateBehavior [ RunTime:0.004072s ]
INFO: [ view_parse ] --END-- [ RunTime:0.004099s ]
INFO: [ view_filter ] --START--
INFO: Run Behavior\WriteHtmlCacheBehavior [ RunTime:0.000095s ]
INFO: [ view_filter ] --END-- [ RunTime:0.000119s ]
INFO: [ app_end ] --START--
INFO: Run Behavior\ShowPageTraceBehavior [ RunTime:0.000325s ]
INFO: [ app_end ] --END-- [ RunTime:0.000369s ]

[ 2017-03-30T01:04:41+08:00 ] 61.151.217.45 /Course/index.html?cid=5
ERR: Login Please

[ 2017-03-30T01:04:42+08:00 ] 117.100.45.33 /course/comment
INFO: [ app_begin ] --START--
INFO: Run Behavior\ReadHtmlCacheBehavior [ RunTime:0.000399s ]
INFO: [ app_begin ] --END-- [ RunTime:0.000709s ]
SQL: SHOW COLUMNS FROM `course` [ RunTime:0.0006s ]
SQL: SELECT `comment` FROM `course` WHERE `id` = 3 LIMIT 1   [ RunTime:0.0002s ]
NOTIC: [2] Division by zero /var/www/zlApp/App/Home/Controller/CourseController.class.php 第 84 行.
NOTIC: [2] Division by zero /var/www/zlApp/App/Home/Controller/CourseController.class.php 第 84 行.
NOTIC: [2] Division by zero /var/www/zlApp/App/Home/Controller/CourseController.class.php 第 84 行.
NOTIC: [2] Division by zero /var/www/zlApp/App/Home/Controller/CourseController.class.php 第 84 行.
NOTIC: [2] Division by zero /var/www/zlApp/App/Home/Controller/CourseController.class.php 第 84 行.
INFO: [ view_parse ] --START--
INFO: [ template_filter ] --START--
INFO: Run Behavior\ContentReplaceBehavior [ RunTime:0.000046s ]
INFO: [ template_filter ] --END-- [ RunTime:0.000087s ]
NOTIC: [8] Undefined index: title /var/www/zlApp/App/Runtime/Cache/Home/ae9d5e9256f39eb72682f4d9a93a5680.php 第 5 行.
INFO: Run Behavior\ParseTemplateBehavior [ RunTime:0.004181s ]
INFO: [ view_parse ] --END-- [ RunTime:0.004229s ]
INFO: [ view_filter ] --START--
INFO: Run Behavior\WriteHtmlCacheBehavior [ RunTime:0.000137s ]
INFO: [ view_filter ] --END-- [ RunTime:0.000169s ]
INFO: [ app_end ] --START--
INFO: Run Behavior\ShowPageTraceBehavior [ RunTime:0.000394s ]
INFO: [ app_end ] --END-- [ RunTime:0.000425s ]

[ 2017-03-30T01:04:45+08:00 ] 117.100.45.33 /course/comment
INFO: [ app_begin ] --START--
INFO: Run Behavior\ReadHtmlCacheBehavior [ RunTime:0.000306s ]
INFO: [ app_begin ] --END-- [ RunTime:0.000516s ]
SQL: SHOW COLUMNS FROM `course` [ RunTime:0.0006s ]
SQL: SELECT `comment` FROM `course` WHERE `id` = 3 LIMIT 1   [ RunTime:0.0002s ]
NOTIC: [2] Division by zero /var/www/zlApp/App/Home/Controller/CourseController.class.php 第 84 行.
NOTIC: [2] Division by zero /var/www/zlApp/App/Home/Controller/CourseController.class.php 第 84 行.
NOTIC: [2] Division by zero /var/www/zlApp/App/Home/Controller/CourseController.class.php 第 84 行.
NOTIC: [2] Division by zero /var/www/zlApp/App/Home/Controller/CourseController.class.php 第 84 行.
NOTIC: [2] Division by zero /var/www/zlApp/App/Home/Controller/CourseController.class.php 第 84 行.
INFO: [ view_parse ] --START--
INFO: [ template_filter ] --START--
INFO: Run Behavior\ContentReplaceBehavior [ RunTime:0.000045s ]
INFO: [ template_filter ] --END-- [ RunTime:0.000076s ]
NOTIC: [8] Undefined index: title /var/www/zlApp/App/Runtime/Cache/Home/ae9d5e9256f39eb72682f4d9a93a5680.php 第 5 行.
INFO: Run Behavior\ParseTemplateBehavior [ RunTime:0.003431s ]
INFO: [ view_parse ] --END-- [ RunTime:0.003461s ]
INFO: [ view_filter ] --START--
INFO: Run Behavior\WriteHtmlCacheBehavior [ RunTime:0.000090s ]
INFO: [ view_filter ] --END-- [ RunTime:0.000126s ]
INFO: [ app_end ] --START--
INFO: Run Behavior\ShowPageTraceBehavior [ RunTime:0.000313s ]
INFO: [ app_end ] --END-- [ RunTime:0.000354s ]

[ 2017-03-30T01:04:52+08:00 ] 112.65.193.14 /Course/index.html?cid=4
ERR: Login Please

[ 2017-03-30T01:05:41+08:00 ] 117.100.45.33 /course/comment
INFO: [ app_begin ] --START--
INFO: Run Behavior\ReadHtmlCacheBehavior [ RunTime:0.000291s ]
INFO: [ app_begin ] --END-- [ RunTime:0.000505s ]
SQL: SHOW COLUMNS FROM `course` [ RunTime:0.0006s ]
SQL: SELECT `comment` FROM `course` WHERE `id` = 3 LIMIT 1   [ RunTime:0.0002s ]
NOTIC: [2] Division by zero /var/www/zlApp/App/Home/Controller/CourseController.class.php 第 84 行.
NOTIC: [2] Division by zero /var/www/zlApp/App/Home/Controller/CourseController.class.php 第 84 行.
NOTIC: [2] Division by zero /var/www/zlApp/App/Home/Controller/CourseController.class.php 第 84 行.
NOTIC: [2] Division by zero /var/www/zlApp/App/Home/Controller/CourseController.class.php 第 84 行.
NOTIC: [2] Division by zero /var/www/zlApp/App/Home/Controller/CourseController.class.php 第 84 行.
INFO: [ view_parse ] --START--
INFO: [ template_filter ] --START--
INFO: Run Behavior\ContentReplaceBehavior [ RunTime:0.000038s ]
INFO: [ template_filter ] --END-- [ RunTime:0.000068s ]
NOTIC: [8] Undefined index: title /var/www/zlApp/App/Runtime/Cache/Home/ae9d5e9256f39eb72682f4d9a93a5680.php 第 5 行.
INFO: Run Behavior\ParseTemplateBehavior [ RunTime:0.003593s ]
INFO: [ view_parse ] --END-- [ RunTime:0.003619s ]
INFO: [ view_filter ] --START--
INFO: Run Behavior\WriteHtmlCacheBehavior [ RunTime:0.000101s ]
INFO: [ view_filter ] --END-- [ RunTime:0.000125s ]
INFO: [ app_end ] --START--
INFO: Run Behavior\ShowPageTraceBehavior [ RunTime:0.000305s ]
INFO: [ app_end ] --END-- [ RunTime:0.000334s ]

[ 2017-03-30T01:06:58+08:00 ] 101.226.89.117 /course/lists?cid=1
ERR: Login Please

[ 2017-03-30T01:07:11+08:00 ] 117.100.45.33 /course/comment
INFO: [ app_begin ] --START--
INFO: Run Behavior\ReadHtmlCacheBehavior [ RunTime:0.000295s ]
INFO: [ app_begin ] --END-- [ RunTime:0.000496s ]
SQL: SHOW COLUMNS FROM `course` [ RunTime:0.0006s ]
SQL: SELECT `comment` FROM `course` WHERE `id` = 3 LIMIT 1   [ RunTime:0.0002s ]
NOTIC: [2] Division by zero /var/www/zlApp/App/Home/Controller/CourseController.class.php 第 84 行.
NOTIC: [2] Division by zero /var/www/zlApp/App/Home/Controller/CourseController.class.php 第 84 行.
NOTIC: [2] Division by zero /var/www/zlApp/App/Home/Controller/CourseController.class.php 第 84 行.
NOTIC: [2] Division by zero /var/www/zlApp/App/Home/Controller/CourseController.class.php 第 84 行.
NOTIC: [2] Division by zero /var/www/zlApp/App/Home/Controller/CourseController.class.php 第 84 行.
INFO: [ view_parse ] --START--
INFO: [ template_filter ] --START--
INFO: Run Behavior\ContentReplaceBehavior [ RunTime:0.000037s ]
INFO: [ template_filter ] --END-- [ RunTime:0.000067s ]
NOTIC: [8] Undefined index: title /var/www/zlApp/App/Runtime/Cache/Home/ae9d5e9256f39eb72682f4d9a93a5680.php 第 5 行.
INFO: Run Behavior\ParseTemplateBehavior [ RunTime:0.003599s ]
INFO: [ view_parse ] --END-- [ RunTime:0.003624s ]
INFO: [ view_filter ] --START--
INFO: Run Behavior\WriteHtmlCacheBehavior [ RunTime:0.000091s ]
INFO: [ view_filter ] --END-- [ RunTime:0.000130s ]
INFO: [ app_end ] --START--
INFO: Run Behavior\ShowPageTraceBehavior [ RunTime:0.000361s ]
INFO: [ app_end ] --END-- [ RunTime:0.000392s ]

[ 2017-03-30T01:24:06+08:00 ] 61.151.226.191 /Course/course.html?cid%25253D2
ERR: Login Please

[ 2017-03-30T01:33:19+08:00 ] 101.226.103.71 /subscribe/back
ERR: Login Please

[ 2017-03-30T01:50:15+08:00 ] 101.226.66.177 /Course/index.html?cid%253D1
ERR: Login Please

[ 2017-03-30T01:53:37+08:00 ] 101.226.33.220 /course/unsubscribe.html?lid%25253D2
ERR: Login Please

[ 2017-03-30T02:03:21+08:00 ] 101.226.103.71 /subscribe/back
ERR: Login Please

[ 2017-03-30T02:03:58+08:00 ] 180.153.206.23 /course/course/unsubscribe?lid%25253D1
ERR: Login Please

[ 2017-03-30T02:33:23+08:00 ] 140.207.54.73 /subscribe/back
ERR: Login Please

[ 2017-03-30T02:39:11+08:00 ] 101.226.89.120 /Subscribe/subscribed.html?cid%25253D2
ERR: Login Please

[ 2017-03-30T03:14:58+08:00 ] 101.226.33.200 /subscribe/subscribed/?cid%25253D1
ERR: Login Please

[ 2017-03-30T03:32:33+08:00 ] 180.153.214.152 /course/index
ERR: Login Please

[ 2017-03-30T03:33:25+08:00 ] 140.207.54.73 /subscribe/back
ERR: Login Please

[ 2017-03-30T04:03:29+08:00 ] 101.226.33.224 /course/lists/?cid%25253D3
ERR: Login Please

[ 2017-03-30T04:17:42+08:00 ] 183.57.53.196 /index/home/course/course/course/course/course/subscribe/subscribed
ERR: Empty Input

[ 2017-03-30T04:42:56+08:00 ] 180.153.214.180 /Subscribe/subscribed.html?cid%2525253D2
ERR: Login Please

[ 2017-03-30T05:15:18+08:00 ] 101.226.33.201 /course/course/unsubscribe?lid%2525253D1
ERR: Login Please

[ 2017-03-30T05:49:18+08:00 ] 101.226.68.215 /index/home/course/course/course/index?cid%253D1
ERR: Empty Input

[ 2017-03-30T05:49:25+08:00 ] 180.153.214.189 /index/home/course/index?cid%253D1
ERR: Empty Input

[ 2017-03-30T05:49:27+08:00 ] 101.226.66.177 /index/home/course/course/course/index?cid%253D1
ERR: Empty Input

[ 2017-03-30T05:58:17+08:00 ] 180.153.201.28 /course/lists?cid%3D3
ERR: Login Please

[ 2017-03-30T06:25:57+08:00 ] 180.153.214.200 /course/unsubscribe/?lid%253D3
ERR: Login Please

[ 2017-03-30T06:29:24+08:00 ] 180.153.206.23 /Subscribe/subscribed.html?cid%252525253D2
ERR: Login Please

[ 2017-03-30T06:34:28+08:00 ] 221.10.85.81 /course/unsubscribe/?lid%253D3
ERR: Login Please

[ 2017-03-30T07:07:08+08:00 ] 112.65.193.15 /Course/index.html?cid%3D5
ERR: Login Please

[ 2017-03-30T07:16:27+08:00 ] 101.226.61.207 /subscribe/subscribed/?cid%2525253D1
ERR: Login Please

[ 2017-03-30T07:17:21+08:00 ] 180.153.211.190 /course/unsubscribe?lid%253D1
ERR: Login Please

[ 2017-03-30T07:18:34+08:00 ] 101.226.89.121 /course/lists?cid%3D4
ERR: Login Please

[ 2017-03-30T07:20:17+08:00 ] 101.226.64.177 /course/unsubscribe.html?lid%2525253D2
ERR: Login Please

[ 2017-03-30T07:25:25+08:00 ] 101.226.125.16 /course/course/?cid%25253D3
ERR: Login Please

[ 2017-03-30T07:28:32+08:00 ] 172.247.55.131 /course/unsubscribe.html?lid%2525253D2
ERR: Login Please

[ 2017-03-30T07:35:14+08:00 ] 101.226.125.111 /index/home/course/index?cid%25253D1
ERR: Empty Input

[ 2017-03-30T07:55:41+08:00 ] 101.226.125.105 /index/home/course/course/course/index?cid%25253D1
ERR: Empty Input

[ 2017-03-30T07:58:24+08:00 ] 101.226.125.105 /course/index?cid%252525252525253D2
ERR: Login Please

[ 2017-03-30T07:58:48+08:00 ] 101.226.33.204 /course/lists?cid%3D1
ERR: Login Please

[ 2017-03-30T07:59:00+08:00 ] 175.155.24.117 /course/lists?cid%3D1
ERR: Login Please

[ 2017-03-30T08:01:47+08:00 ] 180.153.205.252 /course/course/unsubscribe?lid%252525253D1
ERR: Login Please

[ 2017-03-30T08:02:14+08:00 ] 113.58.234.87 /course/course/unsubscribe?lid%252525253D1
ERR: Login Please

[ 2017-03-30T08:12:09+08:00 ] 101.226.33.217 /index/home/course/course/course/course/course/subscribe/course/course/index?cid%3D1
ERR: Empty Input

[ 2017-03-30T08:17:38+08:00 ] 101.226.61.207 /course/lists?cid%253D3
ERR: Login Please

[ 2017-03-30T08:21:04+08:00 ] 180.153.214.198 /index/home/course/course/index?cid%3D1
ERR: Empty Input

[ 2017-03-30T08:21:04+08:00 ] 180.153.201.28 /index/home/course/course/course/course/index?cid%3D2
ERR: Empty Input

[ 2017-03-30T09:03:33+08:00 ] 180.153.163.190 /Subscribe/subscribed.html?cid%25252525253D2
ERR: Login Please

[ 2017-03-30T09:21:04+08:00 ] 183.57.53.222 /subscribe/success
ERR: Login Please

[ 2017-03-30T09:35:01+08:00 ] 180.153.201.79 /course/unsubscribe/?lid%25253D3
ERR: Login Please

[ 2017-03-30T09:35:18+08:00 ] 182.117.231.101 /course/unsubscribe/?lid%25253D3
ERR: Login Please

[ 2017-03-30T09:53:42+08:00 ] 112.65.193.14 /course/course/?cid%2525253D3
ERR: Login Please

[ 2017-03-30T10:03:31+08:00 ] 180.153.81.212 /index/home/course/index?cid%2525253D1
ERR: Empty Input

[ 2017-03-30T10:04:39+08:00 ] 101.226.33.223 /course/unsubscribe.html?lid%252525253D2
ERR: Login Please

[ 2017-03-30T10:12:55+08:00 ] 101.226.89.121 /subscribe/subscribed/?cid%252525253D1
ERR: Login Please

[ 2017-03-30T10:21:56+08:00 ] 180.153.201.15 /course/unsubscribe?lid%25253D1
ERR: Login Please

[ 2017-03-30T10:23:24+08:00 ] 101.226.33.200 /course/lists?cid%253D4
ERR: Login Please

[ 2017-03-30T10:32:38+08:00 ] 101.226.51.227 /course/index?cid%25252525252525253D2
ERR: Login Please

[ 2017-03-30T10:35:52+08:00 ] 112.90.82.218 /index/home/course/course/course/index?cid%2525253D1
ERR: Empty Input

[ 2017-03-30T10:35:59+08:00 ] 101.226.33.238 /index/home/course/course/course/index?cid%2525253D1
ERR: Empty Input

[ 2017-03-30T10:40:23+08:00 ] 180.153.214.178 /Course/index.html?cid%253D5
ERR: Login Please

[ 2017-03-30T10:41:43+08:00 ] 180.153.205.252 /course/subscribed?cid%2525253D3
ERR: Login Please

[ 2017-03-30T10:45:35+08:00 ] 101.226.33.220 /course/subscribed?cid=1
ERR: Login Please

[ 2017-03-30T10:46:20+08:00 ] 112.90.82.218 /course/index?cid%25253D3
ERR: Login Please

[ 2017-03-30T10:46:29+08:00 ] 180.153.206.24 /course/index?cid%25253D3
ERR: Login Please

